<?xml version="1.0" encoding="UTF-8"?>
<testsuite xmlns:xsi="http://www.w3.org/2001/XMLSchema-instance" xsi:noNamespaceSchemaLocation="https://maven.apache.org/surefire/maven-surefire-plugin/xsd/surefire-test-report-3.0.xsd" version="3.0" name="com.example.AlunoTest" time="0.205" tests="4" errors="0" skipped="0" failures="0">
  <properties>
[...]
</properties>
  <testcase name="deveAprovarPorNotaFinalEspecial" classname="com.example.AlunoTest" time="0.097"/>
  <testcase name="deveReprovarParametroNegativo" classname="com.example.AlunoTest" time="0.002"/>
  <testcase name="deveReprovarPorFrequencia" classname="com.example.AlunoTest" time="0.004"/>
  <testcase name="deveAprovarPorNotaFinal" classname="com.example.AlunoTest" time="0.002"/>
</testsuite>